 plgrid/tools/gcc/4.9.2 loaded.
 plgrid/tools/java7/oracle/1.7.0_51 loaded.
 plgrid/tools/openmpi/1.10.2-gnu-4.9.2-ib loaded.
[n0762-g7x:01464] mca: base: component_find: unable to open /software/local/el6/COMMON/OpenMPI/1.10.2/ib/gcc/4.9.2/lib/openmpi/mca_plm_tm: libtorque.so.2: cannot open shared object file: No such file or directory (ignored)
[n0762-g7x:01464] mca: base: component_find: unable to open /software/local/el6/COMMON/OpenMPI/1.10.2/ib/gcc/4.9.2/lib/openmpi/mca_ras_tm: libtorque.so.2: cannot open shared object file: No such file or directory (ignored)
1000000,1,0.147288
[n0762-g7x:01470] mca: base: component_find: unable to open /software/local/el6/COMMON/OpenMPI/1.10.2/ib/gcc/4.9.2/lib/openmpi/mca_plm_tm: libtorque.so.2: cannot open shared object file: No such file or directory (ignored)
[n0762-g7x:01470] mca: base: component_find: unable to open /software/local/el6/COMMON/OpenMPI/1.10.2/ib/gcc/4.9.2/lib/openmpi/mca_ras_tm: libtorque.so.2: cannot open shared object file: No such file or directory (ignored)
1000000,2,0.052721
[n0762-g7x:01480] mca: base: component_find: unable to open /software/local/el6/COMMON/OpenMPI/1.10.2/ib/gcc/4.9.2/lib/openmpi/mca_plm_tm: libtorque.so.2: cannot open shared object file: No such file or directory (ignored)
[n0762-g7x:01480] mca: base: component_find: unable to open /software/local/el6/COMMON/OpenMPI/1.10.2/ib/gcc/4.9.2/lib/openmpi/mca_ras_tm: libtorque.so.2: cannot open shared object file: No such file or directory (ignored)
1000000,3,0.049118
[n0762-g7x:01494] mca: base: component_find: unable to open /software/local/el6/COMMON/OpenMPI/1.10.2/ib/gcc/4.9.2/lib/openmpi/mca_plm_tm: libtorque.so.2: cannot open shared object file: No such file or directory (ignored)
[n0762-g7x:01494] mca: base: component_find: unable to open /software/local/el6/COMMON/OpenMPI/1.10.2/ib/gcc/4.9.2/lib/openmpi/mca_ras_tm: libtorque.so.2: cannot open shared object file: No such file or directory (ignored)
1000000,4,0.036744
[n0762-g7x:01513] mca: base: component_find: unable to open /software/local/el6/COMMON/OpenMPI/1.10.2/ib/gcc/4.9.2/lib/openmpi/mca_plm_tm: libtorque.so.2: cannot open shared object file: No such file or directory (ignored)
[n0762-g7x:01513] mca: base: component_find: unable to open /software/local/el6/COMMON/OpenMPI/1.10.2/ib/gcc/4.9.2/lib/openmpi/mca_ras_tm: libtorque.so.2: cannot open shared object file: No such file or directory (ignored)
1000000,5,0.028766
[n0762-g7x:01535] mca: base: component_find: unable to open /software/local/el6/COMMON/OpenMPI/1.10.2/ib/gcc/4.9.2/lib/openmpi/mca_plm_tm: libtorque.so.2: cannot open shared object file: No such file or directory (ignored)
[n0762-g7x:01535] mca: base: component_find: unable to open /software/local/el6/COMMON/OpenMPI/1.10.2/ib/gcc/4.9.2/lib/openmpi/mca_ras_tm: libtorque.so.2: cannot open shared object file: No such file or directory (ignored)
1000000,6,0.028888
[n0762-g7x:01562] mca: base: component_find: unable to open /software/local/el6/COMMON/OpenMPI/1.10.2/ib/gcc/4.9.2/lib/openmpi/mca_plm_tm: libtorque.so.2: cannot open shared object file: No such file or directory (ignored)
[n0762-g7x:01562] mca: base: component_find: unable to open /software/local/el6/COMMON/OpenMPI/1.10.2/ib/gcc/4.9.2/lib/openmpi/mca_ras_tm: libtorque.so.2: cannot open shared object file: No such file or directory (ignored)
1000000,7,0.020923
[n0762-g7x:01592] mca: base: component_find: unable to open /software/local/el6/COMMON/OpenMPI/1.10.2/ib/gcc/4.9.2/lib/openmpi/mca_plm_tm: libtorque.so.2: cannot open shared object file: No such file or directory (ignored)
[n0762-g7x:01592] mca: base: component_find: unable to open /software/local/el6/COMMON/OpenMPI/1.10.2/ib/gcc/4.9.2/lib/openmpi/mca_ras_tm: libtorque.so.2: cannot open shared object file: No such file or directory (ignored)
1000000,8,0.018024
[n0762-g7x:01626] mca: base: component_find: unable to open /software/local/el6/COMMON/OpenMPI/1.10.2/ib/gcc/4.9.2/lib/openmpi/mca_plm_tm: libtorque.so.2: cannot open shared object file: No such file or directory (ignored)
[n0762-g7x:01626] mca: base: component_find: unable to open /software/local/el6/COMMON/OpenMPI/1.10.2/ib/gcc/4.9.2/lib/openmpi/mca_ras_tm: libtorque.so.2: cannot open shared object file: No such file or directory (ignored)
1000000,9,0.016308
[n0762-g7x:01664] mca: base: component_find: unable to open /software/local/el6/COMMON/OpenMPI/1.10.2/ib/gcc/4.9.2/lib/openmpi/mca_plm_tm: libtorque.so.2: cannot open shared object file: No such file or directory (ignored)
[n0762-g7x:01664] mca: base: component_find: unable to open /software/local/el6/COMMON/OpenMPI/1.10.2/ib/gcc/4.9.2/lib/openmpi/mca_ras_tm: libtorque.so.2: cannot open shared object file: No such file or directory (ignored)
1000000,10,0.014701
[n0762-g7x:01706] mca: base: component_find: unable to open /software/local/el6/COMMON/OpenMPI/1.10.2/ib/gcc/4.9.2/lib/openmpi/mca_plm_tm: libtorque.so.2: cannot open shared object file: No such file or directory (ignored)
[n0762-g7x:01706] mca: base: component_find: unable to open /software/local/el6/COMMON/OpenMPI/1.10.2/ib/gcc/4.9.2/lib/openmpi/mca_ras_tm: libtorque.so.2: cannot open shared object file: No such file or directory (ignored)
1000000,11,0.043616
[n0762-g7x:01752] mca: base: component_find: unable to open /software/local/el6/COMMON/OpenMPI/1.10.2/ib/gcc/4.9.2/lib/openmpi/mca_plm_tm: libtorque.so.2: cannot open shared object file: No such file or directory (ignored)
[n0762-g7x:01752] mca: base: component_find: unable to open /software/local/el6/COMMON/OpenMPI/1.10.2/ib/gcc/4.9.2/lib/openmpi/mca_ras_tm: libtorque.so.2: cannot open shared object file: No such file or directory (ignored)
1000000,12,0.012355
