 plgrid/tools/gcc/4.9.2 loaded.
 plgrid/tools/java7/oracle/1.7.0_51 loaded.
 plgrid/tools/openmpi/1.10.2-gnu-4.9.2-ib loaded.
[n0762-g7x:28587] mca: base: component_find: unable to open /software/local/el6/COMMON/OpenMPI/1.10.2/ib/gcc/4.9.2/lib/openmpi/mca_plm_tm: libtorque.so.2: cannot open shared object file: No such file or directory (ignored)
[n0762-g7x:28587] mca: base: component_find: unable to open /software/local/el6/COMMON/OpenMPI/1.10.2/ib/gcc/4.9.2/lib/openmpi/mca_ras_tm: libtorque.so.2: cannot open shared object file: No such file or directory (ignored)
100000000,1,7.547670
[n0762-g7x:28594] mca: base: component_find: unable to open /software/local/el6/COMMON/OpenMPI/1.10.2/ib/gcc/4.9.2/lib/openmpi/mca_plm_tm: libtorque.so.2: cannot open shared object file: No such file or directory (ignored)
[n0762-g7x:28594] mca: base: component_find: unable to open /software/local/el6/COMMON/OpenMPI/1.10.2/ib/gcc/4.9.2/lib/openmpi/mca_ras_tm: libtorque.so.2: cannot open shared object file: No such file or directory (ignored)
100000000,2,3.877699
[n0762-g7x:28604] mca: base: component_find: unable to open /software/local/el6/COMMON/OpenMPI/1.10.2/ib/gcc/4.9.2/lib/openmpi/mca_plm_tm: libtorque.so.2: cannot open shared object file: No such file or directory (ignored)
[n0762-g7x:28604] mca: base: component_find: unable to open /software/local/el6/COMMON/OpenMPI/1.10.2/ib/gcc/4.9.2/lib/openmpi/mca_ras_tm: libtorque.so.2: cannot open shared object file: No such file or directory (ignored)
100000000,3,2.635554
[n0762-g7x:28618] mca: base: component_find: unable to open /software/local/el6/COMMON/OpenMPI/1.10.2/ib/gcc/4.9.2/lib/openmpi/mca_plm_tm: libtorque.so.2: cannot open shared object file: No such file or directory (ignored)
[n0762-g7x:28618] mca: base: component_find: unable to open /software/local/el6/COMMON/OpenMPI/1.10.2/ib/gcc/4.9.2/lib/openmpi/mca_ras_tm: libtorque.so.2: cannot open shared object file: No such file or directory (ignored)
100000000,4,1.969268
[n0762-g7x:28636] mca: base: component_find: unable to open /software/local/el6/COMMON/OpenMPI/1.10.2/ib/gcc/4.9.2/lib/openmpi/mca_plm_tm: libtorque.so.2: cannot open shared object file: No such file or directory (ignored)
[n0762-g7x:28636] mca: base: component_find: unable to open /software/local/el6/COMMON/OpenMPI/1.10.2/ib/gcc/4.9.2/lib/openmpi/mca_ras_tm: libtorque.so.2: cannot open shared object file: No such file or directory (ignored)
100000000,5,1.646164
[n0762-g7x:28658] mca: base: component_find: unable to open /software/local/el6/COMMON/OpenMPI/1.10.2/ib/gcc/4.9.2/lib/openmpi/mca_plm_tm: libtorque.so.2: cannot open shared object file: No such file or directory (ignored)
[n0762-g7x:28658] mca: base: component_find: unable to open /software/local/el6/COMMON/OpenMPI/1.10.2/ib/gcc/4.9.2/lib/openmpi/mca_ras_tm: libtorque.so.2: cannot open shared object file: No such file or directory (ignored)
100000000,6,1.387053
[n0762-g7x:28684] mca: base: component_find: unable to open /software/local/el6/COMMON/OpenMPI/1.10.2/ib/gcc/4.9.2/lib/openmpi/mca_plm_tm: libtorque.so.2: cannot open shared object file: No such file or directory (ignored)
[n0762-g7x:28684] mca: base: component_find: unable to open /software/local/el6/COMMON/OpenMPI/1.10.2/ib/gcc/4.9.2/lib/openmpi/mca_ras_tm: libtorque.so.2: cannot open shared object file: No such file or directory (ignored)
100000000,7,1.175846
[n0762-g7x:28714] mca: base: component_find: unable to open /software/local/el6/COMMON/OpenMPI/1.10.2/ib/gcc/4.9.2/lib/openmpi/mca_plm_tm: libtorque.so.2: cannot open shared object file: No such file or directory (ignored)
[n0762-g7x:28714] mca: base: component_find: unable to open /software/local/el6/COMMON/OpenMPI/1.10.2/ib/gcc/4.9.2/lib/openmpi/mca_ras_tm: libtorque.so.2: cannot open shared object file: No such file or directory (ignored)
100000000,8,1.053893
[n0762-g7x:28748] mca: base: component_find: unable to open /software/local/el6/COMMON/OpenMPI/1.10.2/ib/gcc/4.9.2/lib/openmpi/mca_plm_tm: libtorque.so.2: cannot open shared object file: No such file or directory (ignored)
[n0762-g7x:28748] mca: base: component_find: unable to open /software/local/el6/COMMON/OpenMPI/1.10.2/ib/gcc/4.9.2/lib/openmpi/mca_ras_tm: libtorque.so.2: cannot open shared object file: No such file or directory (ignored)
100000000,9,0.966176
[n0762-g7x:28786] mca: base: component_find: unable to open /software/local/el6/COMMON/OpenMPI/1.10.2/ib/gcc/4.9.2/lib/openmpi/mca_plm_tm: libtorque.so.2: cannot open shared object file: No such file or directory (ignored)
[n0762-g7x:28786] mca: base: component_find: unable to open /software/local/el6/COMMON/OpenMPI/1.10.2/ib/gcc/4.9.2/lib/openmpi/mca_ras_tm: libtorque.so.2: cannot open shared object file: No such file or directory (ignored)
100000000,10,0.870929
[n0762-g7x:28830] mca: base: component_find: unable to open /software/local/el6/COMMON/OpenMPI/1.10.2/ib/gcc/4.9.2/lib/openmpi/mca_plm_tm: libtorque.so.2: cannot open shared object file: No such file or directory (ignored)
[n0762-g7x:28830] mca: base: component_find: unable to open /software/local/el6/COMMON/OpenMPI/1.10.2/ib/gcc/4.9.2/lib/openmpi/mca_ras_tm: libtorque.so.2: cannot open shared object file: No such file or directory (ignored)
100000000,11,0.833214
[n0762-g7x:28876] mca: base: component_find: unable to open /software/local/el6/COMMON/OpenMPI/1.10.2/ib/gcc/4.9.2/lib/openmpi/mca_plm_tm: libtorque.so.2: cannot open shared object file: No such file or directory (ignored)
[n0762-g7x:28876] mca: base: component_find: unable to open /software/local/el6/COMMON/OpenMPI/1.10.2/ib/gcc/4.9.2/lib/openmpi/mca_ras_tm: libtorque.so.2: cannot open shared object file: No such file or directory (ignored)
100000000,12,0.766333
