 plgrid/tools/gcc/4.9.2 loaded.
 plgrid/tools/java7/oracle/1.7.0_51 loaded.
 plgrid/tools/openmpi/1.10.2-gnu-4.9.2-ib loaded.
[n0782-g7x:06525] mca: base: component_find: unable to open /software/local/el6/COMMON/OpenMPI/1.10.2/ib/gcc/4.9.2/lib/openmpi/mca_plm_tm: libtorque.so.2: cannot open shared object file: No such file or directory (ignored)
[n0782-g7x:06525] mca: base: component_find: unable to open /software/local/el6/COMMON/OpenMPI/1.10.2/ib/gcc/4.9.2/lib/openmpi/mca_ras_tm: libtorque.so.2: cannot open shared object file: No such file or directory (ignored)
100000000,1,7.627494
[n0782-g7x:06532] mca: base: component_find: unable to open /software/local/el6/COMMON/OpenMPI/1.10.2/ib/gcc/4.9.2/lib/openmpi/mca_plm_tm: libtorque.so.2: cannot open shared object file: No such file or directory (ignored)
[n0782-g7x:06532] mca: base: component_find: unable to open /software/local/el6/COMMON/OpenMPI/1.10.2/ib/gcc/4.9.2/lib/openmpi/mca_ras_tm: libtorque.so.2: cannot open shared object file: No such file or directory (ignored)
100000000,2,3.851977
[n0782-g7x:06542] mca: base: component_find: unable to open /software/local/el6/COMMON/OpenMPI/1.10.2/ib/gcc/4.9.2/lib/openmpi/mca_plm_tm: libtorque.so.2: cannot open shared object file: No such file or directory (ignored)
[n0782-g7x:06542] mca: base: component_find: unable to open /software/local/el6/COMMON/OpenMPI/1.10.2/ib/gcc/4.9.2/lib/openmpi/mca_ras_tm: libtorque.so.2: cannot open shared object file: No such file or directory (ignored)
100000000,3,2.584665
[n0782-g7x:06556] mca: base: component_find: unable to open /software/local/el6/COMMON/OpenMPI/1.10.2/ib/gcc/4.9.2/lib/openmpi/mca_plm_tm: libtorque.so.2: cannot open shared object file: No such file or directory (ignored)
[n0782-g7x:06556] mca: base: component_find: unable to open /software/local/el6/COMMON/OpenMPI/1.10.2/ib/gcc/4.9.2/lib/openmpi/mca_ras_tm: libtorque.so.2: cannot open shared object file: No such file or directory (ignored)
100000000,4,1.931918
[n0782-g7x:06576] mca: base: component_find: unable to open /software/local/el6/COMMON/OpenMPI/1.10.2/ib/gcc/4.9.2/lib/openmpi/mca_plm_tm: libtorque.so.2: cannot open shared object file: No such file or directory (ignored)
[n0782-g7x:06576] mca: base: component_find: unable to open /software/local/el6/COMMON/OpenMPI/1.10.2/ib/gcc/4.9.2/lib/openmpi/mca_ras_tm: libtorque.so.2: cannot open shared object file: No such file or directory (ignored)
100000000,5,1.681444
[n0782-g7x:06598] mca: base: component_find: unable to open /software/local/el6/COMMON/OpenMPI/1.10.2/ib/gcc/4.9.2/lib/openmpi/mca_plm_tm: libtorque.so.2: cannot open shared object file: No such file or directory (ignored)
[n0782-g7x:06598] mca: base: component_find: unable to open /software/local/el6/COMMON/OpenMPI/1.10.2/ib/gcc/4.9.2/lib/openmpi/mca_ras_tm: libtorque.so.2: cannot open shared object file: No such file or directory (ignored)
100000000,6,1.389778
[n0782-g7x:06624] mca: base: component_find: unable to open /software/local/el6/COMMON/OpenMPI/1.10.2/ib/gcc/4.9.2/lib/openmpi/mca_plm_tm: libtorque.so.2: cannot open shared object file: No such file or directory (ignored)
[n0782-g7x:06624] mca: base: component_find: unable to open /software/local/el6/COMMON/OpenMPI/1.10.2/ib/gcc/4.9.2/lib/openmpi/mca_ras_tm: libtorque.so.2: cannot open shared object file: No such file or directory (ignored)
100000000,7,1.238640
[n0782-g7x:06654] mca: base: component_find: unable to open /software/local/el6/COMMON/OpenMPI/1.10.2/ib/gcc/4.9.2/lib/openmpi/mca_plm_tm: libtorque.so.2: cannot open shared object file: No such file or directory (ignored)
[n0782-g7x:06654] mca: base: component_find: unable to open /software/local/el6/COMMON/OpenMPI/1.10.2/ib/gcc/4.9.2/lib/openmpi/mca_ras_tm: libtorque.so.2: cannot open shared object file: No such file or directory (ignored)
100000000,8,1.066713
[n0782-g7x:06688] mca: base: component_find: unable to open /software/local/el6/COMMON/OpenMPI/1.10.2/ib/gcc/4.9.2/lib/openmpi/mca_plm_tm: libtorque.so.2: cannot open shared object file: No such file or directory (ignored)
[n0782-g7x:06688] mca: base: component_find: unable to open /software/local/el6/COMMON/OpenMPI/1.10.2/ib/gcc/4.9.2/lib/openmpi/mca_ras_tm: libtorque.so.2: cannot open shared object file: No such file or directory (ignored)
100000000,9,0.984266
[n0782-g7x:06726] mca: base: component_find: unable to open /software/local/el6/COMMON/OpenMPI/1.10.2/ib/gcc/4.9.2/lib/openmpi/mca_plm_tm: libtorque.so.2: cannot open shared object file: No such file or directory (ignored)
[n0782-g7x:06726] mca: base: component_find: unable to open /software/local/el6/COMMON/OpenMPI/1.10.2/ib/gcc/4.9.2/lib/openmpi/mca_ras_tm: libtorque.so.2: cannot open shared object file: No such file or directory (ignored)
100000000,10,0.863931
[n0782-g7x:06769] mca: base: component_find: unable to open /software/local/el6/COMMON/OpenMPI/1.10.2/ib/gcc/4.9.2/lib/openmpi/mca_plm_tm: libtorque.so.2: cannot open shared object file: No such file or directory (ignored)
[n0782-g7x:06769] mca: base: component_find: unable to open /software/local/el6/COMMON/OpenMPI/1.10.2/ib/gcc/4.9.2/lib/openmpi/mca_ras_tm: libtorque.so.2: cannot open shared object file: No such file or directory (ignored)
100000000,11,0.785481
[n0782-g7x:06815] mca: base: component_find: unable to open /software/local/el6/COMMON/OpenMPI/1.10.2/ib/gcc/4.9.2/lib/openmpi/mca_plm_tm: libtorque.so.2: cannot open shared object file: No such file or directory (ignored)
[n0782-g7x:06815] mca: base: component_find: unable to open /software/local/el6/COMMON/OpenMPI/1.10.2/ib/gcc/4.9.2/lib/openmpi/mca_ras_tm: libtorque.so.2: cannot open shared object file: No such file or directory (ignored)
100000000,12,0.733095
