 plgrid/tools/gcc/4.9.2 loaded.
 plgrid/tools/java7/oracle/1.7.0_51 loaded.
 plgrid/tools/openmpi/1.10.2-gnu-4.9.2-ib loaded.
[n0763-g7x:15132] mca: base: component_find: unable to open /software/local/el6/COMMON/OpenMPI/1.10.2/ib/gcc/4.9.2/lib/openmpi/mca_plm_tm: libtorque.so.2: cannot open shared object file: No such file or directory (ignored)
[n0763-g7x:15132] mca: base: component_find: unable to open /software/local/el6/COMMON/OpenMPI/1.10.2/ib/gcc/4.9.2/lib/openmpi/mca_ras_tm: libtorque.so.2: cannot open shared object file: No such file or directory (ignored)
9000000000,1,680.127777
[n0763-g7x:15194] mca: base: component_find: unable to open /software/local/el6/COMMON/OpenMPI/1.10.2/ib/gcc/4.9.2/lib/openmpi/mca_plm_tm: libtorque.so.2: cannot open shared object file: No such file or directory (ignored)
[n0763-g7x:15194] mca: base: component_find: unable to open /software/local/el6/COMMON/OpenMPI/1.10.2/ib/gcc/4.9.2/lib/openmpi/mca_ras_tm: libtorque.so.2: cannot open shared object file: No such file or directory (ignored)
9000000000,2,344.056877
[n0763-g7x:15235] mca: base: component_find: unable to open /software/local/el6/COMMON/OpenMPI/1.10.2/ib/gcc/4.9.2/lib/openmpi/mca_plm_tm: libtorque.so.2: cannot open shared object file: No such file or directory (ignored)
[n0763-g7x:15235] mca: base: component_find: unable to open /software/local/el6/COMMON/OpenMPI/1.10.2/ib/gcc/4.9.2/lib/openmpi/mca_ras_tm: libtorque.so.2: cannot open shared object file: No such file or directory (ignored)
9000000000,3,230.392057
[n0763-g7x:15268] mca: base: component_find: unable to open /software/local/el6/COMMON/OpenMPI/1.10.2/ib/gcc/4.9.2/lib/openmpi/mca_plm_tm: libtorque.so.2: cannot open shared object file: No such file or directory (ignored)
[n0763-g7x:15268] mca: base: component_find: unable to open /software/local/el6/COMMON/OpenMPI/1.10.2/ib/gcc/4.9.2/lib/openmpi/mca_ras_tm: libtorque.so.2: cannot open shared object file: No such file or directory (ignored)
9000000000,4,175.225515
[n0763-g7x:15303] mca: base: component_find: unable to open /software/local/el6/COMMON/OpenMPI/1.10.2/ib/gcc/4.9.2/lib/openmpi/mca_plm_tm: libtorque.so.2: cannot open shared object file: No such file or directory (ignored)
[n0763-g7x:15303] mca: base: component_find: unable to open /software/local/el6/COMMON/OpenMPI/1.10.2/ib/gcc/4.9.2/lib/openmpi/mca_ras_tm: libtorque.so.2: cannot open shared object file: No such file or directory (ignored)
9000000000,5,143.058400
[n0763-g7x:15335] mca: base: component_find: unable to open /software/local/el6/COMMON/OpenMPI/1.10.2/ib/gcc/4.9.2/lib/openmpi/mca_plm_tm: libtorque.so.2: cannot open shared object file: No such file or directory (ignored)
[n0763-g7x:15335] mca: base: component_find: unable to open /software/local/el6/COMMON/OpenMPI/1.10.2/ib/gcc/4.9.2/lib/openmpi/mca_ras_tm: libtorque.so.2: cannot open shared object file: No such file or directory (ignored)
9000000000,6,118.991940
[n0763-g7x:15463] mca: base: component_find: unable to open /software/local/el6/COMMON/OpenMPI/1.10.2/ib/gcc/4.9.2/lib/openmpi/mca_plm_tm: libtorque.so.2: cannot open shared object file: No such file or directory (ignored)
[n0763-g7x:15463] mca: base: component_find: unable to open /software/local/el6/COMMON/OpenMPI/1.10.2/ib/gcc/4.9.2/lib/openmpi/mca_ras_tm: libtorque.so.2: cannot open shared object file: No such file or directory (ignored)
9000000000,7,102.830242
[n0763-g7x:15501] mca: base: component_find: unable to open /software/local/el6/COMMON/OpenMPI/1.10.2/ib/gcc/4.9.2/lib/openmpi/mca_plm_tm: libtorque.so.2: cannot open shared object file: No such file or directory (ignored)
[n0763-g7x:15501] mca: base: component_find: unable to open /software/local/el6/COMMON/OpenMPI/1.10.2/ib/gcc/4.9.2/lib/openmpi/mca_ras_tm: libtorque.so.2: cannot open shared object file: No such file or directory (ignored)
9000000000,8,91.330469
[n0763-g7x:15543] mca: base: component_find: unable to open /software/local/el6/COMMON/OpenMPI/1.10.2/ib/gcc/4.9.2/lib/openmpi/mca_plm_tm: libtorque.so.2: cannot open shared object file: No such file or directory (ignored)
[n0763-g7x:15543] mca: base: component_find: unable to open /software/local/el6/COMMON/OpenMPI/1.10.2/ib/gcc/4.9.2/lib/openmpi/mca_ras_tm: libtorque.so.2: cannot open shared object file: No such file or directory (ignored)
9000000000,9,80.631849
[n0763-g7x:15589] mca: base: component_find: unable to open /software/local/el6/COMMON/OpenMPI/1.10.2/ib/gcc/4.9.2/lib/openmpi/mca_plm_tm: libtorque.so.2: cannot open shared object file: No such file or directory (ignored)
[n0763-g7x:15589] mca: base: component_find: unable to open /software/local/el6/COMMON/OpenMPI/1.10.2/ib/gcc/4.9.2/lib/openmpi/mca_ras_tm: libtorque.so.2: cannot open shared object file: No such file or directory (ignored)
9000000000,10,72.244432
[n0763-g7x:15639] mca: base: component_find: unable to open /software/local/el6/COMMON/OpenMPI/1.10.2/ib/gcc/4.9.2/lib/openmpi/mca_plm_tm: libtorque.so.2: cannot open shared object file: No such file or directory (ignored)
[n0763-g7x:15639] mca: base: component_find: unable to open /software/local/el6/COMMON/OpenMPI/1.10.2/ib/gcc/4.9.2/lib/openmpi/mca_ras_tm: libtorque.so.2: cannot open shared object file: No such file or directory (ignored)
9000000000,11,69.376056
[n0763-g7x:15692] mca: base: component_find: unable to open /software/local/el6/COMMON/OpenMPI/1.10.2/ib/gcc/4.9.2/lib/openmpi/mca_plm_tm: libtorque.so.2: cannot open shared object file: No such file or directory (ignored)
[n0763-g7x:15692] mca: base: component_find: unable to open /software/local/el6/COMMON/OpenMPI/1.10.2/ib/gcc/4.9.2/lib/openmpi/mca_ras_tm: libtorque.so.2: cannot open shared object file: No such file or directory (ignored)
9000000000,12,63.668434
