 plgrid/tools/gcc/4.9.2 loaded.
 plgrid/tools/java7/oracle/1.7.0_51 loaded.
 plgrid/tools/openmpi/1.10.2-gnu-4.9.2-ib loaded.
[n0763-g7x:12859] mca: base: component_find: unable to open /software/local/el6/COMMON/OpenMPI/1.10.2/ib/gcc/4.9.2/lib/openmpi/mca_plm_tm: libtorque.so.2: cannot open shared object file: No such file or directory (ignored)
[n0763-g7x:12859] mca: base: component_find: unable to open /software/local/el6/COMMON/OpenMPI/1.10.2/ib/gcc/4.9.2/lib/openmpi/mca_ras_tm: libtorque.so.2: cannot open shared object file: No such file or directory (ignored)
100000000,1,7.595568
[n0763-g7x:12866] mca: base: component_find: unable to open /software/local/el6/COMMON/OpenMPI/1.10.2/ib/gcc/4.9.2/lib/openmpi/mca_plm_tm: libtorque.so.2: cannot open shared object file: No such file or directory (ignored)
[n0763-g7x:12866] mca: base: component_find: unable to open /software/local/el6/COMMON/OpenMPI/1.10.2/ib/gcc/4.9.2/lib/openmpi/mca_ras_tm: libtorque.so.2: cannot open shared object file: No such file or directory (ignored)
100000000,2,7.726808
[n0763-g7x:12876] mca: base: component_find: unable to open /software/local/el6/COMMON/OpenMPI/1.10.2/ib/gcc/4.9.2/lib/openmpi/mca_plm_tm: libtorque.so.2: cannot open shared object file: No such file or directory (ignored)
[n0763-g7x:12876] mca: base: component_find: unable to open /software/local/el6/COMMON/OpenMPI/1.10.2/ib/gcc/4.9.2/lib/openmpi/mca_ras_tm: libtorque.so.2: cannot open shared object file: No such file or directory (ignored)
100000000,3,7.837627
[n0763-g7x:12891] mca: base: component_find: unable to open /software/local/el6/COMMON/OpenMPI/1.10.2/ib/gcc/4.9.2/lib/openmpi/mca_plm_tm: libtorque.so.2: cannot open shared object file: No such file or directory (ignored)
[n0763-g7x:12891] mca: base: component_find: unable to open /software/local/el6/COMMON/OpenMPI/1.10.2/ib/gcc/4.9.2/lib/openmpi/mca_ras_tm: libtorque.so.2: cannot open shared object file: No such file or directory (ignored)
100000000,4,7.683754
[n0763-g7x:12910] mca: base: component_find: unable to open /software/local/el6/COMMON/OpenMPI/1.10.2/ib/gcc/4.9.2/lib/openmpi/mca_plm_tm: libtorque.so.2: cannot open shared object file: No such file or directory (ignored)
[n0763-g7x:12910] mca: base: component_find: unable to open /software/local/el6/COMMON/OpenMPI/1.10.2/ib/gcc/4.9.2/lib/openmpi/mca_ras_tm: libtorque.so.2: cannot open shared object file: No such file or directory (ignored)
100000000,5,8.000312
[n0763-g7x:12932] mca: base: component_find: unable to open /software/local/el6/COMMON/OpenMPI/1.10.2/ib/gcc/4.9.2/lib/openmpi/mca_plm_tm: libtorque.so.2: cannot open shared object file: No such file or directory (ignored)
[n0763-g7x:12932] mca: base: component_find: unable to open /software/local/el6/COMMON/OpenMPI/1.10.2/ib/gcc/4.9.2/lib/openmpi/mca_ras_tm: libtorque.so.2: cannot open shared object file: No such file or directory (ignored)
100000000,6,7.982022
[n0763-g7x:12958] mca: base: component_find: unable to open /software/local/el6/COMMON/OpenMPI/1.10.2/ib/gcc/4.9.2/lib/openmpi/mca_plm_tm: libtorque.so.2: cannot open shared object file: No such file or directory (ignored)
[n0763-g7x:12958] mca: base: component_find: unable to open /software/local/el6/COMMON/OpenMPI/1.10.2/ib/gcc/4.9.2/lib/openmpi/mca_ras_tm: libtorque.so.2: cannot open shared object file: No such file or directory (ignored)
100000000,7,8.143708
[n0763-g7x:12989] mca: base: component_find: unable to open /software/local/el6/COMMON/OpenMPI/1.10.2/ib/gcc/4.9.2/lib/openmpi/mca_plm_tm: libtorque.so.2: cannot open shared object file: No such file or directory (ignored)
[n0763-g7x:12989] mca: base: component_find: unable to open /software/local/el6/COMMON/OpenMPI/1.10.2/ib/gcc/4.9.2/lib/openmpi/mca_ras_tm: libtorque.so.2: cannot open shared object file: No such file or directory (ignored)
100000000,8,8.094841
[n0763-g7x:13025] mca: base: component_find: unable to open /software/local/el6/COMMON/OpenMPI/1.10.2/ib/gcc/4.9.2/lib/openmpi/mca_plm_tm: libtorque.so.2: cannot open shared object file: No such file or directory (ignored)
[n0763-g7x:13025] mca: base: component_find: unable to open /software/local/el6/COMMON/OpenMPI/1.10.2/ib/gcc/4.9.2/lib/openmpi/mca_ras_tm: libtorque.so.2: cannot open shared object file: No such file or directory (ignored)
100000000,9,8.148936
[n0763-g7x:13063] mca: base: component_find: unable to open /software/local/el6/COMMON/OpenMPI/1.10.2/ib/gcc/4.9.2/lib/openmpi/mca_plm_tm: libtorque.so.2: cannot open shared object file: No such file or directory (ignored)
[n0763-g7x:13063] mca: base: component_find: unable to open /software/local/el6/COMMON/OpenMPI/1.10.2/ib/gcc/4.9.2/lib/openmpi/mca_ras_tm: libtorque.so.2: cannot open shared object file: No such file or directory (ignored)
100000000,10,7.984930
[n0763-g7x:13105] mca: base: component_find: unable to open /software/local/el6/COMMON/OpenMPI/1.10.2/ib/gcc/4.9.2/lib/openmpi/mca_plm_tm: libtorque.so.2: cannot open shared object file: No such file or directory (ignored)
[n0763-g7x:13105] mca: base: component_find: unable to open /software/local/el6/COMMON/OpenMPI/1.10.2/ib/gcc/4.9.2/lib/openmpi/mca_ras_tm: libtorque.so.2: cannot open shared object file: No such file or directory (ignored)
100000000,11,8.312097
[n0763-g7x:13153] mca: base: component_find: unable to open /software/local/el6/COMMON/OpenMPI/1.10.2/ib/gcc/4.9.2/lib/openmpi/mca_plm_tm: libtorque.so.2: cannot open shared object file: No such file or directory (ignored)
[n0763-g7x:13153] mca: base: component_find: unable to open /software/local/el6/COMMON/OpenMPI/1.10.2/ib/gcc/4.9.2/lib/openmpi/mca_ras_tm: libtorque.so.2: cannot open shared object file: No such file or directory (ignored)
100000000,12,8.431670
